[2024-03-18T02:18:26.617+0000] {processor.py:153} INFO - Started process (PID=65) to work on /opt/airflow/dags/airflow.py
[2024-03-18T02:18:26.618+0000] {processor.py:743} INFO - Processing file /opt/airflow/dags/airflow.py for tasks to queue
[2024-03-18T02:18:26.618+0000] {logging_mixin.py:137} INFO - [2024-03-18T02:18:26.618+0000] {dagbag.py:538} INFO - Filling up the DagBag from /opt/airflow/dags/airflow.py
[2024-03-18T02:18:26.631+0000] {logging_mixin.py:137} INFO - [2024-03-18T02:18:26.630+0000] {dagbag.py:343} ERROR - Failed to import: /opt/airflow/dags/airflow.py
Traceback (most recent call last):
  File "/home/airflow/.local/lib/python3.7/site-packages/airflow/models/dagbag.py", line 339, in parse
    loader.exec_module(new_module)
  File "<frozen importlib._bootstrap_external>", line 728, in exec_module
  File "<frozen importlib._bootstrap>", line 219, in _call_with_frames_removed
  File "/opt/airflow/dags/airflow.py", line 5, in <module>
    from src.Convert_json_csv import process_files
ModuleNotFoundError: No module named 'src'
[2024-03-18T02:18:26.632+0000] {processor.py:755} WARNING - No viable dags retrieved from /opt/airflow/dags/airflow.py
[2024-03-18T02:18:26.646+0000] {processor.py:175} INFO - Processing /opt/airflow/dags/airflow.py took 0.031 seconds
[2024-03-18T02:18:56.809+0000] {processor.py:153} INFO - Started process (PID=101) to work on /opt/airflow/dags/airflow.py
[2024-03-18T02:18:56.811+0000] {processor.py:743} INFO - Processing file /opt/airflow/dags/airflow.py for tasks to queue
[2024-03-18T02:18:56.811+0000] {logging_mixin.py:137} INFO - [2024-03-18T02:18:56.811+0000] {dagbag.py:538} INFO - Filling up the DagBag from /opt/airflow/dags/airflow.py
[2024-03-18T02:18:56.818+0000] {logging_mixin.py:137} INFO - [2024-03-18T02:18:56.818+0000] {dagbag.py:343} ERROR - Failed to import: /opt/airflow/dags/airflow.py
Traceback (most recent call last):
  File "/home/airflow/.local/lib/python3.7/site-packages/airflow/models/dagbag.py", line 339, in parse
    loader.exec_module(new_module)
  File "<frozen importlib._bootstrap_external>", line 728, in exec_module
  File "<frozen importlib._bootstrap>", line 219, in _call_with_frames_removed
  File "/opt/airflow/dags/airflow.py", line 5, in <module>
    from src.Convert_json_csv import process_files
ModuleNotFoundError: No module named 'src'
[2024-03-18T02:18:56.819+0000] {processor.py:755} WARNING - No viable dags retrieved from /opt/airflow/dags/airflow.py
[2024-03-18T02:18:56.835+0000] {processor.py:175} INFO - Processing /opt/airflow/dags/airflow.py took 0.030 seconds
[2024-03-18T02:19:27.044+0000] {processor.py:153} INFO - Started process (PID=154) to work on /opt/airflow/dags/airflow.py
[2024-03-18T02:19:27.044+0000] {processor.py:743} INFO - Processing file /opt/airflow/dags/airflow.py for tasks to queue
[2024-03-18T02:19:27.045+0000] {logging_mixin.py:137} INFO - [2024-03-18T02:19:27.045+0000] {dagbag.py:538} INFO - Filling up the DagBag from /opt/airflow/dags/airflow.py
[2024-03-18T02:19:27.051+0000] {logging_mixin.py:137} INFO - [2024-03-18T02:19:27.050+0000] {dagbag.py:343} ERROR - Failed to import: /opt/airflow/dags/airflow.py
Traceback (most recent call last):
  File "/home/airflow/.local/lib/python3.7/site-packages/airflow/models/dagbag.py", line 339, in parse
    loader.exec_module(new_module)
  File "<frozen importlib._bootstrap_external>", line 728, in exec_module
  File "<frozen importlib._bootstrap>", line 219, in _call_with_frames_removed
  File "/opt/airflow/dags/airflow.py", line 5, in <module>
    from src.Convert_json_csv import process_files
ModuleNotFoundError: No module named 'src'
[2024-03-18T02:19:27.051+0000] {processor.py:755} WARNING - No viable dags retrieved from /opt/airflow/dags/airflow.py
[2024-03-18T02:19:27.063+0000] {processor.py:175} INFO - Processing /opt/airflow/dags/airflow.py took 0.021 seconds
[2024-03-18T02:19:57.269+0000] {processor.py:153} INFO - Started process (PID=200) to work on /opt/airflow/dags/airflow.py
[2024-03-18T02:19:57.269+0000] {processor.py:743} INFO - Processing file /opt/airflow/dags/airflow.py for tasks to queue
[2024-03-18T02:19:57.269+0000] {logging_mixin.py:137} INFO - [2024-03-18T02:19:57.269+0000] {dagbag.py:538} INFO - Filling up the DagBag from /opt/airflow/dags/airflow.py
[2024-03-18T02:19:57.274+0000] {logging_mixin.py:137} INFO - [2024-03-18T02:19:57.274+0000] {dagbag.py:343} ERROR - Failed to import: /opt/airflow/dags/airflow.py
Traceback (most recent call last):
  File "/home/airflow/.local/lib/python3.7/site-packages/airflow/models/dagbag.py", line 339, in parse
    loader.exec_module(new_module)
  File "<frozen importlib._bootstrap_external>", line 728, in exec_module
  File "<frozen importlib._bootstrap>", line 219, in _call_with_frames_removed
  File "/opt/airflow/dags/airflow.py", line 5, in <module>
    from src.Convert_json_csv import process_files
ModuleNotFoundError: No module named 'src'
[2024-03-18T02:19:57.275+0000] {processor.py:755} WARNING - No viable dags retrieved from /opt/airflow/dags/airflow.py
[2024-03-18T02:19:57.297+0000] {processor.py:175} INFO - Processing /opt/airflow/dags/airflow.py took 0.030 seconds
[2024-03-18T02:20:27.493+0000] {processor.py:153} INFO - Started process (PID=246) to work on /opt/airflow/dags/airflow.py
[2024-03-18T02:20:27.494+0000] {processor.py:743} INFO - Processing file /opt/airflow/dags/airflow.py for tasks to queue
[2024-03-18T02:20:27.495+0000] {logging_mixin.py:137} INFO - [2024-03-18T02:20:27.495+0000] {dagbag.py:538} INFO - Filling up the DagBag from /opt/airflow/dags/airflow.py
[2024-03-18T02:20:27.502+0000] {logging_mixin.py:137} INFO - [2024-03-18T02:20:27.501+0000] {dagbag.py:343} ERROR - Failed to import: /opt/airflow/dags/airflow.py
Traceback (most recent call last):
  File "/home/airflow/.local/lib/python3.7/site-packages/airflow/models/dagbag.py", line 339, in parse
    loader.exec_module(new_module)
  File "<frozen importlib._bootstrap_external>", line 728, in exec_module
  File "<frozen importlib._bootstrap>", line 219, in _call_with_frames_removed
  File "/opt/airflow/dags/airflow.py", line 5, in <module>
    from src.Convert_json_csv import process_files
ModuleNotFoundError: No module named 'src'
[2024-03-18T02:20:27.502+0000] {processor.py:755} WARNING - No viable dags retrieved from /opt/airflow/dags/airflow.py
[2024-03-18T02:20:27.526+0000] {processor.py:175} INFO - Processing /opt/airflow/dags/airflow.py took 0.035 seconds
[2024-03-18T02:20:57.724+0000] {processor.py:153} INFO - Started process (PID=301) to work on /opt/airflow/dags/airflow.py
[2024-03-18T02:20:57.725+0000] {processor.py:743} INFO - Processing file /opt/airflow/dags/airflow.py for tasks to queue
[2024-03-18T02:20:57.726+0000] {logging_mixin.py:137} INFO - [2024-03-18T02:20:57.726+0000] {dagbag.py:538} INFO - Filling up the DagBag from /opt/airflow/dags/airflow.py
[2024-03-18T02:20:57.735+0000] {logging_mixin.py:137} INFO - [2024-03-18T02:20:57.734+0000] {dagbag.py:343} ERROR - Failed to import: /opt/airflow/dags/airflow.py
Traceback (most recent call last):
  File "/home/airflow/.local/lib/python3.7/site-packages/airflow/models/dagbag.py", line 339, in parse
    loader.exec_module(new_module)
  File "<frozen importlib._bootstrap_external>", line 728, in exec_module
  File "<frozen importlib._bootstrap>", line 219, in _call_with_frames_removed
  File "/opt/airflow/dags/airflow.py", line 5, in <module>
    from src.Convert_json_csv import process_files
ModuleNotFoundError: No module named 'src'
[2024-03-18T02:20:57.735+0000] {processor.py:755} WARNING - No viable dags retrieved from /opt/airflow/dags/airflow.py
[2024-03-18T02:20:57.761+0000] {processor.py:175} INFO - Processing /opt/airflow/dags/airflow.py took 0.041 seconds
[2024-03-18T02:21:27.931+0000] {processor.py:153} INFO - Started process (PID=338) to work on /opt/airflow/dags/airflow.py
[2024-03-18T02:21:27.932+0000] {processor.py:743} INFO - Processing file /opt/airflow/dags/airflow.py for tasks to queue
[2024-03-18T02:21:27.932+0000] {logging_mixin.py:137} INFO - [2024-03-18T02:21:27.932+0000] {dagbag.py:538} INFO - Filling up the DagBag from /opt/airflow/dags/airflow.py
[2024-03-18T02:21:27.938+0000] {logging_mixin.py:137} INFO - [2024-03-18T02:21:27.937+0000] {dagbag.py:343} ERROR - Failed to import: /opt/airflow/dags/airflow.py
Traceback (most recent call last):
  File "/home/airflow/.local/lib/python3.7/site-packages/airflow/models/dagbag.py", line 339, in parse
    loader.exec_module(new_module)
  File "<frozen importlib._bootstrap_external>", line 728, in exec_module
  File "<frozen importlib._bootstrap>", line 219, in _call_with_frames_removed
  File "/opt/airflow/dags/airflow.py", line 5, in <module>
    from src.Convert_json_csv import process_files
ModuleNotFoundError: No module named 'src'
[2024-03-18T02:21:27.938+0000] {processor.py:755} WARNING - No viable dags retrieved from /opt/airflow/dags/airflow.py
[2024-03-18T02:21:27.952+0000] {processor.py:175} INFO - Processing /opt/airflow/dags/airflow.py took 0.025 seconds
[2024-03-18T02:21:58.126+0000] {processor.py:153} INFO - Started process (PID=392) to work on /opt/airflow/dags/airflow.py
[2024-03-18T02:21:58.128+0000] {processor.py:743} INFO - Processing file /opt/airflow/dags/airflow.py for tasks to queue
[2024-03-18T02:21:58.129+0000] {logging_mixin.py:137} INFO - [2024-03-18T02:21:58.129+0000] {dagbag.py:538} INFO - Filling up the DagBag from /opt/airflow/dags/airflow.py
[2024-03-18T02:21:58.139+0000] {logging_mixin.py:137} INFO - [2024-03-18T02:21:58.138+0000] {dagbag.py:343} ERROR - Failed to import: /opt/airflow/dags/airflow.py
Traceback (most recent call last):
  File "/home/airflow/.local/lib/python3.7/site-packages/airflow/models/dagbag.py", line 339, in parse
    loader.exec_module(new_module)
  File "<frozen importlib._bootstrap_external>", line 728, in exec_module
  File "<frozen importlib._bootstrap>", line 219, in _call_with_frames_removed
  File "/opt/airflow/dags/airflow.py", line 5, in <module>
    from src.Convert_json_csv import process_files
ModuleNotFoundError: No module named 'src'
[2024-03-18T02:21:58.140+0000] {processor.py:755} WARNING - No viable dags retrieved from /opt/airflow/dags/airflow.py
[2024-03-18T02:21:58.170+0000] {processor.py:175} INFO - Processing /opt/airflow/dags/airflow.py took 0.049 seconds
[2024-03-18T02:22:28.353+0000] {processor.py:153} INFO - Started process (PID=429) to work on /opt/airflow/dags/airflow.py
[2024-03-18T02:22:28.353+0000] {processor.py:743} INFO - Processing file /opt/airflow/dags/airflow.py for tasks to queue
[2024-03-18T02:22:28.354+0000] {logging_mixin.py:137} INFO - [2024-03-18T02:22:28.354+0000] {dagbag.py:538} INFO - Filling up the DagBag from /opt/airflow/dags/airflow.py
[2024-03-18T02:22:28.358+0000] {logging_mixin.py:137} INFO - [2024-03-18T02:22:28.358+0000] {dagbag.py:343} ERROR - Failed to import: /opt/airflow/dags/airflow.py
Traceback (most recent call last):
  File "/home/airflow/.local/lib/python3.7/site-packages/airflow/models/dagbag.py", line 339, in parse
    loader.exec_module(new_module)
  File "<frozen importlib._bootstrap_external>", line 728, in exec_module
  File "<frozen importlib._bootstrap>", line 219, in _call_with_frames_removed
  File "/opt/airflow/dags/airflow.py", line 5, in <module>
    from src.Convert_json_csv import process_files
ModuleNotFoundError: No module named 'src'
[2024-03-18T02:22:28.359+0000] {processor.py:755} WARNING - No viable dags retrieved from /opt/airflow/dags/airflow.py
[2024-03-18T02:22:28.381+0000] {processor.py:175} INFO - Processing /opt/airflow/dags/airflow.py took 0.031 seconds
[2024-03-18T02:22:58.598+0000] {processor.py:153} INFO - Started process (PID=484) to work on /opt/airflow/dags/airflow.py
[2024-03-18T02:22:58.599+0000] {processor.py:743} INFO - Processing file /opt/airflow/dags/airflow.py for tasks to queue
[2024-03-18T02:22:58.600+0000] {logging_mixin.py:137} INFO - [2024-03-18T02:22:58.600+0000] {dagbag.py:538} INFO - Filling up the DagBag from /opt/airflow/dags/airflow.py
[2024-03-18T02:22:58.613+0000] {logging_mixin.py:137} INFO - [2024-03-18T02:22:58.611+0000] {dagbag.py:343} ERROR - Failed to import: /opt/airflow/dags/airflow.py
Traceback (most recent call last):
  File "/home/airflow/.local/lib/python3.7/site-packages/airflow/models/dagbag.py", line 339, in parse
    loader.exec_module(new_module)
  File "<frozen importlib._bootstrap_external>", line 728, in exec_module
  File "<frozen importlib._bootstrap>", line 219, in _call_with_frames_removed
  File "/opt/airflow/dags/airflow.py", line 5, in <module>
    from src.Convert_json_csv import process_files
ModuleNotFoundError: No module named 'src'
[2024-03-18T02:22:58.614+0000] {processor.py:755} WARNING - No viable dags retrieved from /opt/airflow/dags/airflow.py
[2024-03-18T02:22:58.650+0000] {processor.py:175} INFO - Processing /opt/airflow/dags/airflow.py took 0.056 seconds
[2024-03-18T02:23:28.848+0000] {processor.py:153} INFO - Started process (PID=539) to work on /opt/airflow/dags/airflow.py
[2024-03-18T02:23:28.849+0000] {processor.py:743} INFO - Processing file /opt/airflow/dags/airflow.py for tasks to queue
[2024-03-18T02:23:28.849+0000] {logging_mixin.py:137} INFO - [2024-03-18T02:23:28.849+0000] {dagbag.py:538} INFO - Filling up the DagBag from /opt/airflow/dags/airflow.py
[2024-03-18T02:23:28.855+0000] {logging_mixin.py:137} INFO - [2024-03-18T02:23:28.854+0000] {dagbag.py:343} ERROR - Failed to import: /opt/airflow/dags/airflow.py
Traceback (most recent call last):
  File "/home/airflow/.local/lib/python3.7/site-packages/airflow/models/dagbag.py", line 339, in parse
    loader.exec_module(new_module)
  File "<frozen importlib._bootstrap_external>", line 728, in exec_module
  File "<frozen importlib._bootstrap>", line 219, in _call_with_frames_removed
  File "/opt/airflow/dags/airflow.py", line 5, in <module>
    from src.Convert_json_csv import process_files
ModuleNotFoundError: No module named 'src'
[2024-03-18T02:23:28.855+0000] {processor.py:755} WARNING - No viable dags retrieved from /opt/airflow/dags/airflow.py
[2024-03-18T02:23:28.877+0000] {processor.py:175} INFO - Processing /opt/airflow/dags/airflow.py took 0.031 seconds
[2024-03-18T02:23:59.068+0000] {processor.py:153} INFO - Started process (PID=576) to work on /opt/airflow/dags/airflow.py
[2024-03-18T02:23:59.069+0000] {processor.py:743} INFO - Processing file /opt/airflow/dags/airflow.py for tasks to queue
[2024-03-18T02:23:59.070+0000] {logging_mixin.py:137} INFO - [2024-03-18T02:23:59.070+0000] {dagbag.py:538} INFO - Filling up the DagBag from /opt/airflow/dags/airflow.py
[2024-03-18T02:23:59.081+0000] {logging_mixin.py:137} INFO - [2024-03-18T02:23:59.080+0000] {dagbag.py:343} ERROR - Failed to import: /opt/airflow/dags/airflow.py
Traceback (most recent call last):
  File "/home/airflow/.local/lib/python3.7/site-packages/airflow/models/dagbag.py", line 339, in parse
    loader.exec_module(new_module)
  File "<frozen importlib._bootstrap_external>", line 728, in exec_module
  File "<frozen importlib._bootstrap>", line 219, in _call_with_frames_removed
  File "/opt/airflow/dags/airflow.py", line 5, in <module>
    from src.Convert_json_csv import process_files
ModuleNotFoundError: No module named 'src'
[2024-03-18T02:23:59.081+0000] {processor.py:755} WARNING - No viable dags retrieved from /opt/airflow/dags/airflow.py
[2024-03-18T02:23:59.114+0000] {processor.py:175} INFO - Processing /opt/airflow/dags/airflow.py took 0.050 seconds
[2024-03-18T02:24:29.303+0000] {processor.py:153} INFO - Started process (PID=630) to work on /opt/airflow/dags/airflow.py
[2024-03-18T02:24:29.304+0000] {processor.py:743} INFO - Processing file /opt/airflow/dags/airflow.py for tasks to queue
[2024-03-18T02:24:29.304+0000] {logging_mixin.py:137} INFO - [2024-03-18T02:24:29.304+0000] {dagbag.py:538} INFO - Filling up the DagBag from /opt/airflow/dags/airflow.py
[2024-03-18T02:24:29.313+0000] {logging_mixin.py:137} INFO - [2024-03-18T02:24:29.312+0000] {dagbag.py:343} ERROR - Failed to import: /opt/airflow/dags/airflow.py
Traceback (most recent call last):
  File "/home/airflow/.local/lib/python3.7/site-packages/airflow/models/dagbag.py", line 339, in parse
    loader.exec_module(new_module)
  File "<frozen importlib._bootstrap_external>", line 728, in exec_module
  File "<frozen importlib._bootstrap>", line 219, in _call_with_frames_removed
  File "/opt/airflow/dags/airflow.py", line 5, in <module>
    from src.Convert_json_csv import process_files
ModuleNotFoundError: No module named 'src'
[2024-03-18T02:24:29.314+0000] {processor.py:755} WARNING - No viable dags retrieved from /opt/airflow/dags/airflow.py
[2024-03-18T02:24:29.338+0000] {processor.py:175} INFO - Processing /opt/airflow/dags/airflow.py took 0.038 seconds
[2024-03-18T02:24:59.522+0000] {processor.py:153} INFO - Started process (PID=676) to work on /opt/airflow/dags/airflow.py
[2024-03-18T02:24:59.523+0000] {processor.py:743} INFO - Processing file /opt/airflow/dags/airflow.py for tasks to queue
[2024-03-18T02:24:59.524+0000] {logging_mixin.py:137} INFO - [2024-03-18T02:24:59.524+0000] {dagbag.py:538} INFO - Filling up the DagBag from /opt/airflow/dags/airflow.py
[2024-03-18T02:24:59.531+0000] {logging_mixin.py:137} INFO - [2024-03-18T02:24:59.530+0000] {dagbag.py:343} ERROR - Failed to import: /opt/airflow/dags/airflow.py
Traceback (most recent call last):
  File "/home/airflow/.local/lib/python3.7/site-packages/airflow/models/dagbag.py", line 339, in parse
    loader.exec_module(new_module)
  File "<frozen importlib._bootstrap_external>", line 728, in exec_module
  File "<frozen importlib._bootstrap>", line 219, in _call_with_frames_removed
  File "/opt/airflow/dags/airflow.py", line 5, in <module>
    from src.Convert_json_csv import process_files
ModuleNotFoundError: No module named 'src'
[2024-03-18T02:24:59.531+0000] {processor.py:755} WARNING - No viable dags retrieved from /opt/airflow/dags/airflow.py
[2024-03-18T02:24:59.557+0000] {processor.py:175} INFO - Processing /opt/airflow/dags/airflow.py took 0.038 seconds
[2024-03-18T02:25:29.743+0000] {processor.py:153} INFO - Started process (PID=722) to work on /opt/airflow/dags/airflow.py
[2024-03-18T02:25:29.743+0000] {processor.py:743} INFO - Processing file /opt/airflow/dags/airflow.py for tasks to queue
[2024-03-18T02:25:29.745+0000] {logging_mixin.py:137} INFO - [2024-03-18T02:25:29.745+0000] {dagbag.py:538} INFO - Filling up the DagBag from /opt/airflow/dags/airflow.py
[2024-03-18T02:25:29.755+0000] {logging_mixin.py:137} INFO - [2024-03-18T02:25:29.754+0000] {dagbag.py:343} ERROR - Failed to import: /opt/airflow/dags/airflow.py
Traceback (most recent call last):
  File "/home/airflow/.local/lib/python3.7/site-packages/airflow/models/dagbag.py", line 339, in parse
    loader.exec_module(new_module)
  File "<frozen importlib._bootstrap_external>", line 728, in exec_module
  File "<frozen importlib._bootstrap>", line 219, in _call_with_frames_removed
  File "/opt/airflow/dags/airflow.py", line 5, in <module>
    from src.Convert_json_csv import process_files
ModuleNotFoundError: No module named 'src'
[2024-03-18T02:25:29.756+0000] {processor.py:755} WARNING - No viable dags retrieved from /opt/airflow/dags/airflow.py
[2024-03-18T02:25:29.779+0000] {processor.py:175} INFO - Processing /opt/airflow/dags/airflow.py took 0.039 seconds
[2024-03-18T02:25:59.931+0000] {processor.py:153} INFO - Started process (PID=777) to work on /opt/airflow/dags/airflow.py
[2024-03-18T02:25:59.932+0000] {processor.py:743} INFO - Processing file /opt/airflow/dags/airflow.py for tasks to queue
[2024-03-18T02:25:59.933+0000] {logging_mixin.py:137} INFO - [2024-03-18T02:25:59.933+0000] {dagbag.py:538} INFO - Filling up the DagBag from /opt/airflow/dags/airflow.py
[2024-03-18T02:25:59.942+0000] {logging_mixin.py:137} INFO - [2024-03-18T02:25:59.941+0000] {dagbag.py:343} ERROR - Failed to import: /opt/airflow/dags/airflow.py
Traceback (most recent call last):
  File "/home/airflow/.local/lib/python3.7/site-packages/airflow/models/dagbag.py", line 339, in parse
    loader.exec_module(new_module)
  File "<frozen importlib._bootstrap_external>", line 728, in exec_module
  File "<frozen importlib._bootstrap>", line 219, in _call_with_frames_removed
  File "/opt/airflow/dags/airflow.py", line 5, in <module>
    from src.Convert_json_csv import process_files
ModuleNotFoundError: No module named 'src'
[2024-03-18T02:25:59.942+0000] {processor.py:755} WARNING - No viable dags retrieved from /opt/airflow/dags/airflow.py
[2024-03-18T02:25:59.965+0000] {processor.py:175} INFO - Processing /opt/airflow/dags/airflow.py took 0.039 seconds
[2024-03-18T02:26:30.164+0000] {processor.py:153} INFO - Started process (PID=813) to work on /opt/airflow/dags/airflow.py
[2024-03-18T02:26:30.165+0000] {processor.py:743} INFO - Processing file /opt/airflow/dags/airflow.py for tasks to queue
[2024-03-18T02:26:30.166+0000] {logging_mixin.py:137} INFO - [2024-03-18T02:26:30.166+0000] {dagbag.py:538} INFO - Filling up the DagBag from /opt/airflow/dags/airflow.py
[2024-03-18T02:26:30.174+0000] {logging_mixin.py:137} INFO - [2024-03-18T02:26:30.174+0000] {dagbag.py:343} ERROR - Failed to import: /opt/airflow/dags/airflow.py
Traceback (most recent call last):
  File "/home/airflow/.local/lib/python3.7/site-packages/airflow/models/dagbag.py", line 339, in parse
    loader.exec_module(new_module)
  File "<frozen importlib._bootstrap_external>", line 728, in exec_module
  File "<frozen importlib._bootstrap>", line 219, in _call_with_frames_removed
  File "/opt/airflow/dags/airflow.py", line 5, in <module>
    from src.Convert_json_csv import process_files
ModuleNotFoundError: No module named 'src'
[2024-03-18T02:26:30.175+0000] {processor.py:755} WARNING - No viable dags retrieved from /opt/airflow/dags/airflow.py
[2024-03-18T02:26:30.198+0000] {processor.py:175} INFO - Processing /opt/airflow/dags/airflow.py took 0.038 seconds
[2024-03-18T02:27:00.383+0000] {processor.py:153} INFO - Started process (PID=868) to work on /opt/airflow/dags/airflow.py
[2024-03-18T02:27:00.384+0000] {processor.py:743} INFO - Processing file /opt/airflow/dags/airflow.py for tasks to queue
[2024-03-18T02:27:00.385+0000] {logging_mixin.py:137} INFO - [2024-03-18T02:27:00.385+0000] {dagbag.py:538} INFO - Filling up the DagBag from /opt/airflow/dags/airflow.py
[2024-03-18T02:27:00.393+0000] {logging_mixin.py:137} INFO - [2024-03-18T02:27:00.392+0000] {dagbag.py:343} ERROR - Failed to import: /opt/airflow/dags/airflow.py
Traceback (most recent call last):
  File "/home/airflow/.local/lib/python3.7/site-packages/airflow/models/dagbag.py", line 339, in parse
    loader.exec_module(new_module)
  File "<frozen importlib._bootstrap_external>", line 728, in exec_module
  File "<frozen importlib._bootstrap>", line 219, in _call_with_frames_removed
  File "/opt/airflow/dags/airflow.py", line 5, in <module>
    from src.Convert_json_csv import process_files
ModuleNotFoundError: No module named 'src'
[2024-03-18T02:27:00.393+0000] {processor.py:755} WARNING - No viable dags retrieved from /opt/airflow/dags/airflow.py
[2024-03-18T02:27:00.417+0000] {processor.py:175} INFO - Processing /opt/airflow/dags/airflow.py took 0.039 seconds
[2024-03-18T02:27:30.598+0000] {processor.py:153} INFO - Started process (PID=922) to work on /opt/airflow/dags/airflow.py
[2024-03-18T02:27:30.599+0000] {processor.py:743} INFO - Processing file /opt/airflow/dags/airflow.py for tasks to queue
[2024-03-18T02:27:30.599+0000] {logging_mixin.py:137} INFO - [2024-03-18T02:27:30.599+0000] {dagbag.py:538} INFO - Filling up the DagBag from /opt/airflow/dags/airflow.py
[2024-03-18T02:27:30.604+0000] {logging_mixin.py:137} INFO - [2024-03-18T02:27:30.604+0000] {dagbag.py:343} ERROR - Failed to import: /opt/airflow/dags/airflow.py
Traceback (most recent call last):
  File "/home/airflow/.local/lib/python3.7/site-packages/airflow/models/dagbag.py", line 339, in parse
    loader.exec_module(new_module)
  File "<frozen importlib._bootstrap_external>", line 728, in exec_module
  File "<frozen importlib._bootstrap>", line 219, in _call_with_frames_removed
  File "/opt/airflow/dags/airflow.py", line 5, in <module>
    from src.Convert_json_csv import process_files
ModuleNotFoundError: No module named 'src'
[2024-03-18T02:27:30.605+0000] {processor.py:755} WARNING - No viable dags retrieved from /opt/airflow/dags/airflow.py
[2024-03-18T02:27:30.620+0000] {processor.py:175} INFO - Processing /opt/airflow/dags/airflow.py took 0.025 seconds
[2024-03-18T02:28:00.794+0000] {processor.py:153} INFO - Started process (PID=959) to work on /opt/airflow/dags/airflow.py
[2024-03-18T02:28:00.795+0000] {processor.py:743} INFO - Processing file /opt/airflow/dags/airflow.py for tasks to queue
[2024-03-18T02:28:00.795+0000] {logging_mixin.py:137} INFO - [2024-03-18T02:28:00.795+0000] {dagbag.py:538} INFO - Filling up the DagBag from /opt/airflow/dags/airflow.py
[2024-03-18T02:28:00.800+0000] {logging_mixin.py:137} INFO - [2024-03-18T02:28:00.799+0000] {dagbag.py:343} ERROR - Failed to import: /opt/airflow/dags/airflow.py
Traceback (most recent call last):
  File "/home/airflow/.local/lib/python3.7/site-packages/airflow/models/dagbag.py", line 339, in parse
    loader.exec_module(new_module)
  File "<frozen importlib._bootstrap_external>", line 728, in exec_module
  File "<frozen importlib._bootstrap>", line 219, in _call_with_frames_removed
  File "/opt/airflow/dags/airflow.py", line 5, in <module>
    from src.Convert_json_csv import process_files
ModuleNotFoundError: No module named 'src'
[2024-03-18T02:28:00.800+0000] {processor.py:755} WARNING - No viable dags retrieved from /opt/airflow/dags/airflow.py
[2024-03-18T02:28:00.827+0000] {processor.py:175} INFO - Processing /opt/airflow/dags/airflow.py took 0.036 seconds
[2024-03-18T02:28:30.992+0000] {processor.py:153} INFO - Started process (PID=1013) to work on /opt/airflow/dags/airflow.py
[2024-03-18T02:28:30.992+0000] {processor.py:743} INFO - Processing file /opt/airflow/dags/airflow.py for tasks to queue
[2024-03-18T02:28:30.993+0000] {logging_mixin.py:137} INFO - [2024-03-18T02:28:30.993+0000] {dagbag.py:538} INFO - Filling up the DagBag from /opt/airflow/dags/airflow.py
[2024-03-18T02:28:30.999+0000] {logging_mixin.py:137} INFO - [2024-03-18T02:28:30.998+0000] {dagbag.py:343} ERROR - Failed to import: /opt/airflow/dags/airflow.py
Traceback (most recent call last):
  File "/home/airflow/.local/lib/python3.7/site-packages/airflow/models/dagbag.py", line 339, in parse
    loader.exec_module(new_module)
  File "<frozen importlib._bootstrap_external>", line 728, in exec_module
  File "<frozen importlib._bootstrap>", line 219, in _call_with_frames_removed
  File "/opt/airflow/dags/airflow.py", line 5, in <module>
    from src.Convert_json_csv import process_files
ModuleNotFoundError: No module named 'src'
[2024-03-18T02:28:30.999+0000] {processor.py:755} WARNING - No viable dags retrieved from /opt/airflow/dags/airflow.py
[2024-03-18T02:28:31.024+0000] {processor.py:175} INFO - Processing /opt/airflow/dags/airflow.py took 0.036 seconds
[2024-03-18T02:29:01.202+0000] {processor.py:153} INFO - Started process (PID=1068) to work on /opt/airflow/dags/airflow.py
[2024-03-18T02:29:01.203+0000] {processor.py:743} INFO - Processing file /opt/airflow/dags/airflow.py for tasks to queue
[2024-03-18T02:29:01.204+0000] {logging_mixin.py:137} INFO - [2024-03-18T02:29:01.203+0000] {dagbag.py:538} INFO - Filling up the DagBag from /opt/airflow/dags/airflow.py
[2024-03-18T02:29:01.210+0000] {logging_mixin.py:137} INFO - [2024-03-18T02:29:01.209+0000] {dagbag.py:343} ERROR - Failed to import: /opt/airflow/dags/airflow.py
Traceback (most recent call last):
  File "/home/airflow/.local/lib/python3.7/site-packages/airflow/models/dagbag.py", line 339, in parse
    loader.exec_module(new_module)
  File "<frozen importlib._bootstrap_external>", line 728, in exec_module
  File "<frozen importlib._bootstrap>", line 219, in _call_with_frames_removed
  File "/opt/airflow/dags/airflow.py", line 5, in <module>
    from src.Convert_json_csv import process_files
ModuleNotFoundError: No module named 'src'
[2024-03-18T02:29:01.211+0000] {processor.py:755} WARNING - No viable dags retrieved from /opt/airflow/dags/airflow.py
[2024-03-18T02:29:01.237+0000] {processor.py:175} INFO - Processing /opt/airflow/dags/airflow.py took 0.038 seconds
[2024-03-18T02:29:31.427+0000] {processor.py:153} INFO - Started process (PID=1105) to work on /opt/airflow/dags/airflow.py
[2024-03-18T02:29:31.428+0000] {processor.py:743} INFO - Processing file /opt/airflow/dags/airflow.py for tasks to queue
[2024-03-18T02:29:31.429+0000] {logging_mixin.py:137} INFO - [2024-03-18T02:29:31.429+0000] {dagbag.py:538} INFO - Filling up the DagBag from /opt/airflow/dags/airflow.py
[2024-03-18T02:29:31.434+0000] {logging_mixin.py:137} INFO - [2024-03-18T02:29:31.434+0000] {dagbag.py:343} ERROR - Failed to import: /opt/airflow/dags/airflow.py
Traceback (most recent call last):
  File "/home/airflow/.local/lib/python3.7/site-packages/airflow/models/dagbag.py", line 339, in parse
    loader.exec_module(new_module)
  File "<frozen importlib._bootstrap_external>", line 728, in exec_module
  File "<frozen importlib._bootstrap>", line 219, in _call_with_frames_removed
  File "/opt/airflow/dags/airflow.py", line 5, in <module>
    from src.Convert_json_csv import process_files
ModuleNotFoundError: No module named 'src'
[2024-03-18T02:29:31.435+0000] {processor.py:755} WARNING - No viable dags retrieved from /opt/airflow/dags/airflow.py
[2024-03-18T02:29:31.458+0000] {processor.py:175} INFO - Processing /opt/airflow/dags/airflow.py took 0.035 seconds
[2024-03-18T02:30:01.641+0000] {processor.py:153} INFO - Started process (PID=1160) to work on /opt/airflow/dags/airflow.py
[2024-03-18T02:30:01.642+0000] {processor.py:743} INFO - Processing file /opt/airflow/dags/airflow.py for tasks to queue
[2024-03-18T02:30:01.643+0000] {logging_mixin.py:137} INFO - [2024-03-18T02:30:01.643+0000] {dagbag.py:538} INFO - Filling up the DagBag from /opt/airflow/dags/airflow.py
[2024-03-18T02:30:01.651+0000] {logging_mixin.py:137} INFO - [2024-03-18T02:30:01.651+0000] {dagbag.py:343} ERROR - Failed to import: /opt/airflow/dags/airflow.py
Traceback (most recent call last):
  File "/home/airflow/.local/lib/python3.7/site-packages/airflow/models/dagbag.py", line 339, in parse
    loader.exec_module(new_module)
  File "<frozen importlib._bootstrap_external>", line 728, in exec_module
  File "<frozen importlib._bootstrap>", line 219, in _call_with_frames_removed
  File "/opt/airflow/dags/airflow.py", line 5, in <module>
    from src.Convert_json_csv import process_files
ModuleNotFoundError: No module named 'src'
[2024-03-18T02:30:01.652+0000] {processor.py:755} WARNING - No viable dags retrieved from /opt/airflow/dags/airflow.py
[2024-03-18T02:30:01.678+0000] {processor.py:175} INFO - Processing /opt/airflow/dags/airflow.py took 0.039 seconds
[2024-03-18T02:30:31.854+0000] {processor.py:153} INFO - Started process (PID=1197) to work on /opt/airflow/dags/airflow.py
[2024-03-18T02:30:31.855+0000] {processor.py:743} INFO - Processing file /opt/airflow/dags/airflow.py for tasks to queue
[2024-03-18T02:30:31.856+0000] {logging_mixin.py:137} INFO - [2024-03-18T02:30:31.855+0000] {dagbag.py:538} INFO - Filling up the DagBag from /opt/airflow/dags/airflow.py
[2024-03-18T02:30:31.865+0000] {logging_mixin.py:137} INFO - [2024-03-18T02:30:31.864+0000] {dagbag.py:343} ERROR - Failed to import: /opt/airflow/dags/airflow.py
Traceback (most recent call last):
  File "/home/airflow/.local/lib/python3.7/site-packages/airflow/models/dagbag.py", line 339, in parse
    loader.exec_module(new_module)
  File "<frozen importlib._bootstrap_external>", line 728, in exec_module
  File "<frozen importlib._bootstrap>", line 219, in _call_with_frames_removed
  File "/opt/airflow/dags/airflow.py", line 5, in <module>
    from src.Convert_json_csv import process_files
ModuleNotFoundError: No module named 'src'
[2024-03-18T02:30:31.865+0000] {processor.py:755} WARNING - No viable dags retrieved from /opt/airflow/dags/airflow.py
[2024-03-18T02:30:31.893+0000] {processor.py:175} INFO - Processing /opt/airflow/dags/airflow.py took 0.044 seconds
[2024-03-18T02:31:02.083+0000] {processor.py:153} INFO - Started process (PID=1251) to work on /opt/airflow/dags/airflow.py
[2024-03-18T02:31:02.084+0000] {processor.py:743} INFO - Processing file /opt/airflow/dags/airflow.py for tasks to queue
[2024-03-18T02:31:02.084+0000] {logging_mixin.py:137} INFO - [2024-03-18T02:31:02.084+0000] {dagbag.py:538} INFO - Filling up the DagBag from /opt/airflow/dags/airflow.py
[2024-03-18T02:31:02.094+0000] {logging_mixin.py:137} INFO - [2024-03-18T02:31:02.093+0000] {dagbag.py:343} ERROR - Failed to import: /opt/airflow/dags/airflow.py
Traceback (most recent call last):
  File "/home/airflow/.local/lib/python3.7/site-packages/airflow/models/dagbag.py", line 339, in parse
    loader.exec_module(new_module)
  File "<frozen importlib._bootstrap_external>", line 728, in exec_module
  File "<frozen importlib._bootstrap>", line 219, in _call_with_frames_removed
  File "/opt/airflow/dags/airflow.py", line 5, in <module>
    from src.Convert_json_csv import process_files
ModuleNotFoundError: No module named 'src'
[2024-03-18T02:31:02.095+0000] {processor.py:755} WARNING - No viable dags retrieved from /opt/airflow/dags/airflow.py
[2024-03-18T02:31:02.117+0000] {processor.py:175} INFO - Processing /opt/airflow/dags/airflow.py took 0.038 seconds
[2024-03-18T02:31:32.273+0000] {processor.py:153} INFO - Started process (PID=1305) to work on /opt/airflow/dags/airflow.py
[2024-03-18T02:31:32.274+0000] {processor.py:743} INFO - Processing file /opt/airflow/dags/airflow.py for tasks to queue
[2024-03-18T02:31:32.275+0000] {logging_mixin.py:137} INFO - [2024-03-18T02:31:32.275+0000] {dagbag.py:538} INFO - Filling up the DagBag from /opt/airflow/dags/airflow.py
[2024-03-18T02:31:32.285+0000] {logging_mixin.py:137} INFO - [2024-03-18T02:31:32.283+0000] {dagbag.py:343} ERROR - Failed to import: /opt/airflow/dags/airflow.py
Traceback (most recent call last):
  File "/home/airflow/.local/lib/python3.7/site-packages/airflow/models/dagbag.py", line 339, in parse
    loader.exec_module(new_module)
  File "<frozen importlib._bootstrap_external>", line 728, in exec_module
  File "<frozen importlib._bootstrap>", line 219, in _call_with_frames_removed
  File "/opt/airflow/dags/airflow.py", line 5, in <module>
    from src.Convert_json_csv import process_files
ModuleNotFoundError: No module named 'src'
[2024-03-18T02:31:32.286+0000] {processor.py:755} WARNING - No viable dags retrieved from /opt/airflow/dags/airflow.py
[2024-03-18T02:31:32.304+0000] {processor.py:175} INFO - Processing /opt/airflow/dags/airflow.py took 0.034 seconds
[2024-03-18T02:32:02.481+0000] {processor.py:153} INFO - Started process (PID=1341) to work on /opt/airflow/dags/airflow.py
[2024-03-18T02:32:02.481+0000] {processor.py:743} INFO - Processing file /opt/airflow/dags/airflow.py for tasks to queue
[2024-03-18T02:32:02.482+0000] {logging_mixin.py:137} INFO - [2024-03-18T02:32:02.482+0000] {dagbag.py:538} INFO - Filling up the DagBag from /opt/airflow/dags/airflow.py
[2024-03-18T02:32:02.487+0000] {logging_mixin.py:137} INFO - [2024-03-18T02:32:02.486+0000] {dagbag.py:343} ERROR - Failed to import: /opt/airflow/dags/airflow.py
Traceback (most recent call last):
  File "/home/airflow/.local/lib/python3.7/site-packages/airflow/models/dagbag.py", line 339, in parse
    loader.exec_module(new_module)
  File "<frozen importlib._bootstrap_external>", line 728, in exec_module
  File "<frozen importlib._bootstrap>", line 219, in _call_with_frames_removed
  File "/opt/airflow/dags/airflow.py", line 5, in <module>
    from src.Convert_json_csv import process_files
ModuleNotFoundError: No module named 'src'
[2024-03-18T02:32:02.487+0000] {processor.py:755} WARNING - No viable dags retrieved from /opt/airflow/dags/airflow.py
[2024-03-18T02:32:02.512+0000] {processor.py:175} INFO - Processing /opt/airflow/dags/airflow.py took 0.034 seconds
[2024-03-18T02:32:32.701+0000] {processor.py:153} INFO - Started process (PID=1395) to work on /opt/airflow/dags/airflow.py
[2024-03-18T02:32:32.701+0000] {processor.py:743} INFO - Processing file /opt/airflow/dags/airflow.py for tasks to queue
[2024-03-18T02:32:32.702+0000] {logging_mixin.py:137} INFO - [2024-03-18T02:32:32.702+0000] {dagbag.py:538} INFO - Filling up the DagBag from /opt/airflow/dags/airflow.py
[2024-03-18T02:32:32.709+0000] {logging_mixin.py:137} INFO - [2024-03-18T02:32:32.708+0000] {dagbag.py:343} ERROR - Failed to import: /opt/airflow/dags/airflow.py
Traceback (most recent call last):
  File "/home/airflow/.local/lib/python3.7/site-packages/airflow/models/dagbag.py", line 339, in parse
    loader.exec_module(new_module)
  File "<frozen importlib._bootstrap_external>", line 728, in exec_module
  File "<frozen importlib._bootstrap>", line 219, in _call_with_frames_removed
  File "/opt/airflow/dags/airflow.py", line 5, in <module>
    from src.Convert_json_csv import process_files
ModuleNotFoundError: No module named 'src'
[2024-03-18T02:32:32.710+0000] {processor.py:755} WARNING - No viable dags retrieved from /opt/airflow/dags/airflow.py
[2024-03-18T02:32:32.736+0000] {processor.py:175} INFO - Processing /opt/airflow/dags/airflow.py took 0.038 seconds
[2024-03-18T02:33:02.892+0000] {processor.py:153} INFO - Started process (PID=1439) to work on /opt/airflow/dags/airflow.py
[2024-03-18T02:33:02.892+0000] {processor.py:743} INFO - Processing file /opt/airflow/dags/airflow.py for tasks to queue
[2024-03-18T02:33:02.893+0000] {logging_mixin.py:137} INFO - [2024-03-18T02:33:02.892+0000] {dagbag.py:538} INFO - Filling up the DagBag from /opt/airflow/dags/airflow.py
[2024-03-18T02:33:02.897+0000] {logging_mixin.py:137} INFO - [2024-03-18T02:33:02.897+0000] {dagbag.py:343} ERROR - Failed to import: /opt/airflow/dags/airflow.py
Traceback (most recent call last):
  File "/home/airflow/.local/lib/python3.7/site-packages/airflow/models/dagbag.py", line 339, in parse
    loader.exec_module(new_module)
  File "<frozen importlib._bootstrap_external>", line 728, in exec_module
  File "<frozen importlib._bootstrap>", line 219, in _call_with_frames_removed
  File "/opt/airflow/dags/airflow.py", line 5, in <module>
    from src.Convert_json_csv import process_files
ModuleNotFoundError: No module named 'src'
[2024-03-18T02:33:02.898+0000] {processor.py:755} WARNING - No viable dags retrieved from /opt/airflow/dags/airflow.py
[2024-03-18T02:33:02.923+0000] {processor.py:175} INFO - Processing /opt/airflow/dags/airflow.py took 0.034 seconds
[2024-03-18T02:33:33.120+0000] {processor.py:153} INFO - Started process (PID=1487) to work on /opt/airflow/dags/airflow.py
[2024-03-18T02:33:33.121+0000] {processor.py:743} INFO - Processing file /opt/airflow/dags/airflow.py for tasks to queue
[2024-03-18T02:33:33.121+0000] {logging_mixin.py:137} INFO - [2024-03-18T02:33:33.121+0000] {dagbag.py:538} INFO - Filling up the DagBag from /opt/airflow/dags/airflow.py
[2024-03-18T02:33:33.126+0000] {logging_mixin.py:137} INFO - [2024-03-18T02:33:33.125+0000] {dagbag.py:343} ERROR - Failed to import: /opt/airflow/dags/airflow.py
Traceback (most recent call last):
  File "/home/airflow/.local/lib/python3.7/site-packages/airflow/models/dagbag.py", line 339, in parse
    loader.exec_module(new_module)
  File "<frozen importlib._bootstrap_external>", line 728, in exec_module
  File "<frozen importlib._bootstrap>", line 219, in _call_with_frames_removed
  File "/opt/airflow/dags/airflow.py", line 5, in <module>
    from src.Convert_json_csv import process_files
ModuleNotFoundError: No module named 'src'
[2024-03-18T02:33:33.126+0000] {processor.py:755} WARNING - No viable dags retrieved from /opt/airflow/dags/airflow.py
[2024-03-18T02:33:33.150+0000] {processor.py:175} INFO - Processing /opt/airflow/dags/airflow.py took 0.032 seconds
[2024-03-18T02:34:03.334+0000] {processor.py:153} INFO - Started process (PID=1542) to work on /opt/airflow/dags/airflow.py
[2024-03-18T02:34:03.334+0000] {processor.py:743} INFO - Processing file /opt/airflow/dags/airflow.py for tasks to queue
[2024-03-18T02:34:03.335+0000] {logging_mixin.py:137} INFO - [2024-03-18T02:34:03.335+0000] {dagbag.py:538} INFO - Filling up the DagBag from /opt/airflow/dags/airflow.py
[2024-03-18T02:34:03.343+0000] {logging_mixin.py:137} INFO - [2024-03-18T02:34:03.342+0000] {dagbag.py:343} ERROR - Failed to import: /opt/airflow/dags/airflow.py
Traceback (most recent call last):
  File "/home/airflow/.local/lib/python3.7/site-packages/airflow/models/dagbag.py", line 339, in parse
    loader.exec_module(new_module)
  File "<frozen importlib._bootstrap_external>", line 728, in exec_module
  File "<frozen importlib._bootstrap>", line 219, in _call_with_frames_removed
  File "/opt/airflow/dags/airflow.py", line 5, in <module>
    from src.Convert_json_csv import process_files
ModuleNotFoundError: No module named 'src'
[2024-03-18T02:34:03.343+0000] {processor.py:755} WARNING - No viable dags retrieved from /opt/airflow/dags/airflow.py
[2024-03-18T02:34:03.364+0000] {processor.py:175} INFO - Processing /opt/airflow/dags/airflow.py took 0.032 seconds
[2024-03-18T02:34:33.522+0000] {processor.py:153} INFO - Started process (PID=1578) to work on /opt/airflow/dags/airflow.py
[2024-03-18T02:34:33.523+0000] {processor.py:743} INFO - Processing file /opt/airflow/dags/airflow.py for tasks to queue
[2024-03-18T02:34:33.524+0000] {logging_mixin.py:137} INFO - [2024-03-18T02:34:33.524+0000] {dagbag.py:538} INFO - Filling up the DagBag from /opt/airflow/dags/airflow.py
[2024-03-18T02:34:33.533+0000] {logging_mixin.py:137} INFO - [2024-03-18T02:34:33.531+0000] {dagbag.py:343} ERROR - Failed to import: /opt/airflow/dags/airflow.py
Traceback (most recent call last):
  File "/home/airflow/.local/lib/python3.7/site-packages/airflow/models/dagbag.py", line 339, in parse
    loader.exec_module(new_module)
  File "<frozen importlib._bootstrap_external>", line 728, in exec_module
  File "<frozen importlib._bootstrap>", line 219, in _call_with_frames_removed
  File "/opt/airflow/dags/airflow.py", line 5, in <module>
    from src.Convert_json_csv import process_files
ModuleNotFoundError: No module named 'src'
[2024-03-18T02:34:33.534+0000] {processor.py:755} WARNING - No viable dags retrieved from /opt/airflow/dags/airflow.py
[2024-03-18T02:34:33.554+0000] {processor.py:175} INFO - Processing /opt/airflow/dags/airflow.py took 0.035 seconds
[2024-03-18T02:35:03.722+0000] {processor.py:153} INFO - Started process (PID=1633) to work on /opt/airflow/dags/airflow.py
[2024-03-18T02:35:03.722+0000] {processor.py:743} INFO - Processing file /opt/airflow/dags/airflow.py for tasks to queue
[2024-03-18T02:35:03.724+0000] {logging_mixin.py:137} INFO - [2024-03-18T02:35:03.723+0000] {dagbag.py:538} INFO - Filling up the DagBag from /opt/airflow/dags/airflow.py
[2024-03-18T02:35:03.735+0000] {logging_mixin.py:137} INFO - [2024-03-18T02:35:03.733+0000] {dagbag.py:343} ERROR - Failed to import: /opt/airflow/dags/airflow.py
Traceback (most recent call last):
  File "/home/airflow/.local/lib/python3.7/site-packages/airflow/models/dagbag.py", line 339, in parse
    loader.exec_module(new_module)
  File "<frozen importlib._bootstrap_external>", line 728, in exec_module
  File "<frozen importlib._bootstrap>", line 219, in _call_with_frames_removed
  File "/opt/airflow/dags/airflow.py", line 5, in <module>
    from src.Convert_json_csv import process_files
ModuleNotFoundError: No module named 'src'
[2024-03-18T02:35:03.736+0000] {processor.py:755} WARNING - No viable dags retrieved from /opt/airflow/dags/airflow.py
[2024-03-18T02:35:03.765+0000] {processor.py:175} INFO - Processing /opt/airflow/dags/airflow.py took 0.047 seconds
[2024-03-18T02:36:14.527+0000] {processor.py:153} INFO - Started process (PID=84) to work on /opt/airflow/dags/airflow.py
[2024-03-18T02:36:14.528+0000] {processor.py:743} INFO - Processing file /opt/airflow/dags/airflow.py for tasks to queue
[2024-03-18T02:36:14.529+0000] {logging_mixin.py:137} INFO - [2024-03-18T02:36:14.529+0000] {dagbag.py:538} INFO - Filling up the DagBag from /opt/airflow/dags/airflow.py
[2024-03-18T02:36:14.537+0000] {logging_mixin.py:137} INFO - [2024-03-18T02:36:14.536+0000] {dagbag.py:343} ERROR - Failed to import: /opt/airflow/dags/airflow.py
Traceback (most recent call last):
  File "/home/airflow/.local/lib/python3.7/site-packages/airflow/models/dagbag.py", line 339, in parse
    loader.exec_module(new_module)
  File "<frozen importlib._bootstrap_external>", line 728, in exec_module
  File "<frozen importlib._bootstrap>", line 219, in _call_with_frames_removed
  File "/opt/airflow/dags/airflow.py", line 5, in <module>
    from src.Convert_json_csv import process_files
ModuleNotFoundError: No module named 'src'
[2024-03-18T02:36:14.537+0000] {processor.py:755} WARNING - No viable dags retrieved from /opt/airflow/dags/airflow.py
[2024-03-18T02:36:14.551+0000] {processor.py:175} INFO - Processing /opt/airflow/dags/airflow.py took 0.025 seconds
[2024-03-18T02:36:44.788+0000] {processor.py:153} INFO - Started process (PID=121) to work on /opt/airflow/dags/airflow.py
[2024-03-18T02:36:44.789+0000] {processor.py:743} INFO - Processing file /opt/airflow/dags/airflow.py for tasks to queue
[2024-03-18T02:36:44.790+0000] {logging_mixin.py:137} INFO - [2024-03-18T02:36:44.789+0000] {dagbag.py:538} INFO - Filling up the DagBag from /opt/airflow/dags/airflow.py
[2024-03-18T02:36:44.804+0000] {logging_mixin.py:137} INFO - [2024-03-18T02:36:44.801+0000] {dagbag.py:343} ERROR - Failed to import: /opt/airflow/dags/airflow.py
Traceback (most recent call last):
  File "/home/airflow/.local/lib/python3.7/site-packages/airflow/models/dagbag.py", line 339, in parse
    loader.exec_module(new_module)
  File "<frozen importlib._bootstrap_external>", line 728, in exec_module
  File "<frozen importlib._bootstrap>", line 219, in _call_with_frames_removed
  File "/opt/airflow/dags/airflow.py", line 5, in <module>
    from src.Convert_json_csv import process_files
ModuleNotFoundError: No module named 'src'
[2024-03-18T02:36:44.805+0000] {processor.py:755} WARNING - No viable dags retrieved from /opt/airflow/dags/airflow.py
[2024-03-18T02:36:44.835+0000] {processor.py:175} INFO - Processing /opt/airflow/dags/airflow.py took 0.052 seconds
[2024-03-18T02:37:15.034+0000] {processor.py:153} INFO - Started process (PID=175) to work on /opt/airflow/dags/airflow.py
[2024-03-18T02:37:15.034+0000] {processor.py:743} INFO - Processing file /opt/airflow/dags/airflow.py for tasks to queue
[2024-03-18T02:37:15.035+0000] {logging_mixin.py:137} INFO - [2024-03-18T02:37:15.035+0000] {dagbag.py:538} INFO - Filling up the DagBag from /opt/airflow/dags/airflow.py
[2024-03-18T02:37:15.042+0000] {logging_mixin.py:137} INFO - [2024-03-18T02:37:15.041+0000] {dagbag.py:343} ERROR - Failed to import: /opt/airflow/dags/airflow.py
Traceback (most recent call last):
  File "/home/airflow/.local/lib/python3.7/site-packages/airflow/models/dagbag.py", line 339, in parse
    loader.exec_module(new_module)
  File "<frozen importlib._bootstrap_external>", line 728, in exec_module
  File "<frozen importlib._bootstrap>", line 219, in _call_with_frames_removed
  File "/opt/airflow/dags/airflow.py", line 5, in <module>
    from src.Convert_json_csv import process_files
ModuleNotFoundError: No module named 'src'
[2024-03-18T02:37:15.043+0000] {processor.py:755} WARNING - No viable dags retrieved from /opt/airflow/dags/airflow.py
[2024-03-18T02:37:15.070+0000] {processor.py:175} INFO - Processing /opt/airflow/dags/airflow.py took 0.039 seconds
[2024-03-18T02:37:45.239+0000] {processor.py:153} INFO - Started process (PID=220) to work on /opt/airflow/dags/airflow.py
[2024-03-18T02:37:45.246+0000] {processor.py:743} INFO - Processing file /opt/airflow/dags/airflow.py for tasks to queue
[2024-03-18T02:37:45.247+0000] {logging_mixin.py:137} INFO - [2024-03-18T02:37:45.247+0000] {dagbag.py:538} INFO - Filling up the DagBag from /opt/airflow/dags/airflow.py
[2024-03-18T02:37:45.261+0000] {logging_mixin.py:137} INFO - [2024-03-18T02:37:45.257+0000] {dagbag.py:343} ERROR - Failed to import: /opt/airflow/dags/airflow.py
Traceback (most recent call last):
  File "/home/airflow/.local/lib/python3.7/site-packages/airflow/models/dagbag.py", line 339, in parse
    loader.exec_module(new_module)
  File "<frozen importlib._bootstrap_external>", line 728, in exec_module
  File "<frozen importlib._bootstrap>", line 219, in _call_with_frames_removed
  File "/opt/airflow/dags/airflow.py", line 5, in <module>
    from src.Convert_json_csv import process_files
ModuleNotFoundError: No module named 'src'
[2024-03-18T02:37:45.262+0000] {processor.py:755} WARNING - No viable dags retrieved from /opt/airflow/dags/airflow.py
[2024-03-18T02:37:45.302+0000] {processor.py:175} INFO - Processing /opt/airflow/dags/airflow.py took 0.067 seconds
