[2024-03-18T02:18:26.584+0000] {manager.py:483} INFO - Processing files using up to 2 processes at a time 
[2024-03-18T02:18:26.586+0000] {manager.py:484} INFO - Process each file at most once every 30 seconds
[2024-03-18T02:18:26.587+0000] {manager.py:486} INFO - Checking for new files in /opt/airflow/dags every 300 seconds
[2024-03-18T02:18:26.587+0000] {manager.py:726} INFO - Searching for files in /opt/airflow/dags
[2024-03-18T02:18:26.589+0000] {manager.py:729} INFO - There are 1 files in /opt/airflow/dags
[2024-03-18T02:18:26.632+0000] {manager.py:854} INFO - 
================================================================================
DAG File Processing Stats

File Path                       PID  Runtime      # DAGs    # Errors  Last Runtime    Last Run
----------------------------  -----  ---------  --------  ----------  --------------  ----------
/opt/airflow/dags/airflow.py     65  0.02s             0           0
================================================================================
[2024-03-18T02:18:56.803+0000] {manager.py:854} INFO - 
================================================================================
DAG File Processing Stats

File Path                       PID  Runtime      # DAGs    # Errors  Last Runtime    Last Run
----------------------------  -----  ---------  --------  ----------  --------------  -------------------
/opt/airflow/dags/airflow.py    101  0.00s             0           1  0.04s           2024-03-18T02:18:26
================================================================================
[2024-03-18T02:19:27.034+0000] {manager.py:854} INFO - 
================================================================================
DAG File Processing Stats

File Path                       PID  Runtime      # DAGs    # Errors  Last Runtime    Last Run
----------------------------  -----  ---------  --------  ----------  --------------  -------------------
/opt/airflow/dags/airflow.py    154  0.00s             0           1  0.04s           2024-03-18T02:18:56
================================================================================
[2024-03-18T02:19:57.264+0000] {manager.py:854} INFO - 
================================================================================
DAG File Processing Stats

File Path                       PID  Runtime      # DAGs    # Errors  Last Runtime    Last Run
----------------------------  -----  ---------  --------  ----------  --------------  -------------------
/opt/airflow/dags/airflow.py    200  0.00s             0           1  0.04s           2024-03-18T02:19:27
================================================================================
[2024-03-18T02:20:27.484+0000] {manager.py:854} INFO - 
================================================================================
DAG File Processing Stats

File Path                       PID  Runtime      # DAGs    # Errors  Last Runtime    Last Run
----------------------------  -----  ---------  --------  ----------  --------------  -------------------
/opt/airflow/dags/airflow.py    246  0.00s             0           1  0.04s           2024-03-18T02:19:57
================================================================================
[2024-03-18T02:20:57.716+0000] {manager.py:854} INFO - 
================================================================================
DAG File Processing Stats

File Path                       PID  Runtime      # DAGs    # Errors  Last Runtime    Last Run
----------------------------  -----  ---------  --------  ----------  --------------  -------------------
/opt/airflow/dags/airflow.py    301  0.01s             0           1  0.05s           2024-03-18T02:20:27
================================================================================
[2024-03-18T02:21:27.925+0000] {manager.py:854} INFO - 
================================================================================
DAG File Processing Stats

File Path                       PID  Runtime      # DAGs    # Errors  Last Runtime    Last Run
----------------------------  -----  ---------  --------  ----------  --------------  -------------------
/opt/airflow/dags/airflow.py    338  0.00s             0           1  0.06s           2024-03-18T02:20:57
================================================================================
[2024-03-18T02:21:58.116+0000] {manager.py:854} INFO - 
================================================================================
DAG File Processing Stats

File Path                       PID  Runtime      # DAGs    # Errors  Last Runtime    Last Run
----------------------------  -----  ---------  --------  ----------  --------------  -------------------
/opt/airflow/dags/airflow.py    392  0.00s             0           1  0.04s           2024-03-18T02:21:27
================================================================================
[2024-03-18T02:22:28.349+0000] {manager.py:854} INFO - 
================================================================================
DAG File Processing Stats

File Path                       PID  Runtime      # DAGs    # Errors  Last Runtime    Last Run
----------------------------  -----  ---------  --------  ----------  --------------  -------------------
/opt/airflow/dags/airflow.py    429  0.00s             0           1  0.07s           2024-03-18T02:21:58
================================================================================
[2024-03-18T02:22:58.592+0000] {manager.py:854} INFO - 
================================================================================
DAG File Processing Stats

File Path                       PID  Runtime      # DAGs    # Errors  Last Runtime    Last Run
----------------------------  -----  ---------  --------  ----------  --------------  -------------------
/opt/airflow/dags/airflow.py    484  0.01s             0           1  0.04s           2024-03-18T02:22:28
================================================================================
[2024-03-18T02:23:26.810+0000] {manager.py:726} INFO - Searching for files in /opt/airflow/dags
[2024-03-18T02:23:26.817+0000] {manager.py:729} INFO - There are 1 files in /opt/airflow/dags
[2024-03-18T02:23:28.845+0000] {manager.py:854} INFO - 
================================================================================
DAG File Processing Stats

File Path                       PID  Runtime      # DAGs    # Errors  Last Runtime    Last Run
----------------------------  -----  ---------  --------  ----------  --------------  -------------------
/opt/airflow/dags/airflow.py    539  0.00s             0           1  0.07s           2024-03-18T02:22:58
================================================================================
[2024-03-18T02:23:59.061+0000] {manager.py:854} INFO - 
================================================================================
DAG File Processing Stats

File Path                       PID  Runtime      # DAGs    # Errors  Last Runtime    Last Run
----------------------------  -----  ---------  --------  ----------  --------------  -------------------
/opt/airflow/dags/airflow.py    576  0.01s             0           1  0.04s           2024-03-18T02:23:28
================================================================================
[2024-03-18T02:24:29.297+0000] {manager.py:854} INFO - 
================================================================================
DAG File Processing Stats

File Path                       PID  Runtime      # DAGs    # Errors  Last Runtime    Last Run
----------------------------  -----  ---------  --------  ----------  --------------  -------------------
/opt/airflow/dags/airflow.py    630  0.01s             0           1  0.07s           2024-03-18T02:23:59
================================================================================
[2024-03-18T02:24:59.518+0000] {manager.py:854} INFO - 
================================================================================
DAG File Processing Stats

File Path                       PID  Runtime      # DAGs    # Errors  Last Runtime    Last Run
----------------------------  -----  ---------  --------  ----------  --------------  -------------------
/opt/airflow/dags/airflow.py    676  0.00s             0           1  0.06s           2024-03-18T02:24:29
================================================================================
[2024-03-18T02:25:29.738+0000] {manager.py:854} INFO - 
================================================================================
DAG File Processing Stats

File Path                       PID  Runtime      # DAGs    # Errors  Last Runtime    Last Run
----------------------------  -----  ---------  --------  ----------  --------------  -------------------
/opt/airflow/dags/airflow.py    722  0.01s             0           1  0.05s           2024-03-18T02:24:59
================================================================================
[2024-03-18T02:25:59.922+0000] {manager.py:854} INFO - 
================================================================================
DAG File Processing Stats

File Path                       PID  Runtime      # DAGs    # Errors  Last Runtime    Last Run
----------------------------  -----  ---------  --------  ----------  --------------  -------------------
/opt/airflow/dags/airflow.py    777  0.00s             0           1  0.05s           2024-03-18T02:25:29
================================================================================
[2024-03-18T02:26:30.159+0000] {manager.py:854} INFO - 
================================================================================
DAG File Processing Stats

File Path                       PID  Runtime      # DAGs    # Errors  Last Runtime    Last Run
----------------------------  -----  ---------  --------  ----------  --------------  -------------------
/opt/airflow/dags/airflow.py    813  0.01s             0           1  0.06s           2024-03-18T02:25:59
================================================================================
[2024-03-18T02:27:00.374+0000] {manager.py:854} INFO - 
================================================================================
DAG File Processing Stats

File Path                       PID  Runtime      # DAGs    # Errors  Last Runtime    Last Run
----------------------------  -----  ---------  --------  ----------  --------------  -------------------
/opt/airflow/dags/airflow.py    868  0.00s             0           1  0.05s           2024-03-18T02:26:30
================================================================================
[2024-03-18T02:27:30.593+0000] {manager.py:854} INFO - 
================================================================================
DAG File Processing Stats

File Path                       PID  Runtime      # DAGs    # Errors  Last Runtime    Last Run
----------------------------  -----  ---------  --------  ----------  --------------  -------------------
/opt/airflow/dags/airflow.py    922  0.01s             0           1  0.06s           2024-03-18T02:27:00
================================================================================
[2024-03-18T02:28:00.790+0000] {manager.py:854} INFO - 
================================================================================
DAG File Processing Stats

File Path                       PID  Runtime      # DAGs    # Errors  Last Runtime    Last Run
----------------------------  -----  ---------  --------  ----------  --------------  -------------------
/opt/airflow/dags/airflow.py    959  0.00s             0           1  0.04s           2024-03-18T02:27:30
================================================================================
[2024-03-18T02:28:26.946+0000] {manager.py:726} INFO - Searching for files in /opt/airflow/dags
[2024-03-18T02:28:26.948+0000] {manager.py:729} INFO - There are 1 files in /opt/airflow/dags
[2024-03-18T02:28:30.986+0000] {manager.py:854} INFO - 
================================================================================
DAG File Processing Stats

File Path                       PID  Runtime      # DAGs    # Errors  Last Runtime    Last Run
----------------------------  -----  ---------  --------  ----------  --------------  -------------------
/opt/airflow/dags/airflow.py   1013  0.00s             0           1  0.05s           2024-03-18T02:28:00
================================================================================
[2024-03-18T02:29:01.195+0000] {manager.py:854} INFO - 
================================================================================
DAG File Processing Stats

File Path                       PID  Runtime      # DAGs    # Errors  Last Runtime    Last Run
----------------------------  -----  ---------  --------  ----------  --------------  -------------------
/opt/airflow/dags/airflow.py   1068  0.00s             0           1  0.05s           2024-03-18T02:28:31
================================================================================
[2024-03-18T02:29:31.422+0000] {manager.py:854} INFO - 
================================================================================
DAG File Processing Stats

File Path                       PID  Runtime      # DAGs    # Errors  Last Runtime    Last Run
----------------------------  -----  ---------  --------  ----------  --------------  -------------------
/opt/airflow/dags/airflow.py   1105  0.00s             0           1  0.05s           2024-03-18T02:29:01
================================================================================
[2024-03-18T02:30:01.636+0000] {manager.py:854} INFO - 
================================================================================
DAG File Processing Stats

File Path                       PID  Runtime      # DAGs    # Errors  Last Runtime    Last Run
----------------------------  -----  ---------  --------  ----------  --------------  -------------------
/opt/airflow/dags/airflow.py   1160  0.00s             0           1  0.05s           2024-03-18T02:29:31
================================================================================
[2024-03-18T02:30:31.844+0000] {manager.py:854} INFO - 
================================================================================
DAG File Processing Stats

File Path                       PID  Runtime      # DAGs    # Errors  Last Runtime    Last Run
----------------------------  -----  ---------  --------  ----------  --------------  -------------------
/opt/airflow/dags/airflow.py   1197  0.00s             0           1  0.05s           2024-03-18T02:30:01
================================================================================
[2024-03-18T02:31:02.074+0000] {manager.py:854} INFO - 
================================================================================
DAG File Processing Stats

File Path                       PID  Runtime      # DAGs    # Errors  Last Runtime    Last Run
----------------------------  -----  ---------  --------  ----------  --------------  -------------------
/opt/airflow/dags/airflow.py   1251  0.00s             0           1  0.06s           2024-03-18T02:30:31
================================================================================
[2024-03-18T02:31:32.263+0000] {manager.py:854} INFO - 
================================================================================
DAG File Processing Stats

File Path                       PID  Runtime      # DAGs    # Errors  Last Runtime    Last Run
----------------------------  -----  ---------  --------  ----------  --------------  -------------------
/opt/airflow/dags/airflow.py   1305  0.00s             0           1  0.06s           2024-03-18T02:31:02
================================================================================
[2024-03-18T02:32:02.477+0000] {manager.py:854} INFO - 
================================================================================
DAG File Processing Stats

File Path                       PID  Runtime      # DAGs    # Errors  Last Runtime    Last Run
----------------------------  -----  ---------  --------  ----------  --------------  -------------------
/opt/airflow/dags/airflow.py   1341  0.00s             0           1  0.05s           2024-03-18T02:31:32
================================================================================
[2024-03-18T02:32:32.694+0000] {manager.py:854} INFO - 
================================================================================
DAG File Processing Stats

File Path                       PID  Runtime      # DAGs    # Errors  Last Runtime    Last Run
----------------------------  -----  ---------  --------  ----------  --------------  -------------------
/opt/airflow/dags/airflow.py   1395  0.01s             0           1  0.04s           2024-03-18T02:32:02
================================================================================
[2024-03-18T02:33:02.887+0000] {manager.py:854} INFO - 
================================================================================
DAG File Processing Stats

File Path                       PID  Runtime      # DAGs    # Errors  Last Runtime    Last Run
----------------------------  -----  ---------  --------  ----------  --------------  -------------------
/opt/airflow/dags/airflow.py   1439  0.00s             0           1  0.05s           2024-03-18T02:32:32
================================================================================
[2024-03-18T02:33:27.058+0000] {manager.py:726} INFO - Searching for files in /opt/airflow/dags
[2024-03-18T02:33:27.062+0000] {manager.py:729} INFO - There are 1 files in /opt/airflow/dags
[2024-03-18T02:33:33.113+0000] {manager.py:854} INFO - 
================================================================================
DAG File Processing Stats

File Path                       PID  Runtime      # DAGs    # Errors  Last Runtime    Last Run
----------------------------  -----  ---------  --------  ----------  --------------  -------------------
/opt/airflow/dags/airflow.py   1487  0.00s             0           1  0.04s           2024-03-18T02:33:02
================================================================================
[2024-03-18T02:34:03.331+0000] {manager.py:854} INFO - 
================================================================================
DAG File Processing Stats

File Path                       PID  Runtime      # DAGs    # Errors  Last Runtime    Last Run
----------------------------  -----  ---------  --------  ----------  --------------  -------------------
/opt/airflow/dags/airflow.py   1542  0.01s             0           1  0.04s           2024-03-18T02:33:33
================================================================================
[2024-03-18T02:34:33.515+0000] {manager.py:854} INFO - 
================================================================================
DAG File Processing Stats

File Path                       PID  Runtime      # DAGs    # Errors  Last Runtime    Last Run
----------------------------  -----  ---------  --------  ----------  --------------  -------------------
/opt/airflow/dags/airflow.py   1578  0.00s             0           1  0.05s           2024-03-18T02:34:03
================================================================================
[2024-03-18T02:35:03.715+0000] {manager.py:854} INFO - 
================================================================================
DAG File Processing Stats

File Path                       PID  Runtime      # DAGs    # Errors  Last Runtime    Last Run
----------------------------  -----  ---------  --------  ----------  --------------  -------------------
/opt/airflow/dags/airflow.py   1633  0.01s             0           1  0.05s           2024-03-18T02:34:33
================================================================================
[2024-03-18T02:35:15.299+0000] {manager.py:465} INFO - Exiting gracefully upon receiving signal 15
[2024-03-18T02:36:14.499+0000] {manager.py:483} INFO - Processing files using up to 2 processes at a time 
[2024-03-18T02:36:14.500+0000] {manager.py:484} INFO - Process each file at most once every 30 seconds
[2024-03-18T02:36:14.501+0000] {manager.py:486} INFO - Checking for new files in /opt/airflow/dags every 300 seconds
[2024-03-18T02:36:14.501+0000] {manager.py:726} INFO - Searching for files in /opt/airflow/dags
[2024-03-18T02:36:14.503+0000] {manager.py:729} INFO - There are 1 files in /opt/airflow/dags
[2024-03-18T02:36:14.542+0000] {manager.py:854} INFO - 
================================================================================
DAG File Processing Stats

File Path                       PID  Runtime      # DAGs    # Errors  Last Runtime    Last Run
----------------------------  -----  ---------  --------  ----------  --------------  ----------
/opt/airflow/dags/airflow.py     84  0.02s             0           0
================================================================================
[2024-03-18T02:36:44.779+0000] {manager.py:854} INFO - 
================================================================================
DAG File Processing Stats

File Path                       PID  Runtime      # DAGs    # Errors  Last Runtime    Last Run
----------------------------  -----  ---------  --------  ----------  --------------  -------------------
/opt/airflow/dags/airflow.py    121  0.00s             0           1  0.04s           2024-03-18T02:36:14
================================================================================
[2024-03-18T02:37:15.028+0000] {manager.py:854} INFO - 
================================================================================
DAG File Processing Stats

File Path                       PID  Runtime      # DAGs    # Errors  Last Runtime    Last Run
----------------------------  -----  ---------  --------  ----------  --------------  -------------------
/opt/airflow/dags/airflow.py    175  0.01s             0           1  0.07s           2024-03-18T02:36:44
================================================================================
[2024-03-18T02:37:45.234+0000] {manager.py:854} INFO - 
================================================================================
DAG File Processing Stats

File Path                       PID  Runtime      # DAGs    # Errors  Last Runtime    Last Run
----------------------------  -----  ---------  --------  ----------  --------------  -------------------
/opt/airflow/dags/airflow.py    220  0.00s             0           1  0.06s           2024-03-18T02:37:15
================================================================================
[2024-03-18T02:37:45.866+0000] {manager.py:465} INFO - Exiting gracefully upon receiving signal 15
